<?xml version="1.0" encoding="UTF-8"?>
<!-- Generated by org.testng.reporters.JUnitReportReporter -->
<testsuite hostname="Wibawas-MacBook-Pro.local" name="test.JPTestLogin" tests="1" failures="0" timestamp="5 Mar 2018 04:51:20 GMT" time="9.757" errors="0">
  <testcase name="testLogin" time="9.757" classname="test.JPTestLogin"/>
</testsuite> <!-- test.JPTestLogin -->
